<?xml version="1.0" encoding="UTF-8"?>
<!-- Generated by org.testng.reporters.JUnitXMLReporter -->
<testsuite ignored="0" hostname="zhouwenqiudeMacBook-Pro.local" failures="4" tests="4" name="Test" time="0.07" errors="0" timestamp="2021-10-13T18:00:04 EDT">
  <testcase classname="testsuite.Test_Cacultor" name="test_add" time="0.012">
    <failure type="java.lang.AssertionError" message="加法 did not expect to find [3.0] but found [2.0]">
      <![CDATA[java.lang.AssertionError: 加法 did not expect to find [3.0] but found [2.0]
at testsuite.Test_Cacultor.test_add(Test_Cacultor.java:30)
at java.base/java.util.ArrayList.forEach(ArrayList.java:1540)
... Removed 31 stack frames]]>
    </failure>
  </testcase> <!-- test_add -->
  <testcase classname="testsuite.Test_Cacultor" name="test_add" time="0.001">
    <failure type="java.lang.AssertionError" message="加法 did not expect to find [5.0] but found [4.0]">
      <![CDATA[java.lang.AssertionError: 加法 did not expect to find [5.0] but found [4.0]
at testsuite.Test_Cacultor.test_add(Test_Cacultor.java:30)
at java.base/java.util.ArrayList.forEach(ArrayList.java:1540)
... Removed 31 stack frames]]>
    </failure>
  </testcase> <!-- test_add -->
  <testcase classname="testsuite.Test_Cacultor" name="test_minus" time="0.001">
    <failure type="java.lang.AssertionError" message="expected [2] but found [1]">
      <![CDATA[java.lang.AssertionError: expected [2] but found [1]
at testsuite.Test_Cacultor.test_minus(Test_Cacultor.java:25)
at java.base/java.util.ArrayList.forEach(ArrayList.java:1540)
... Removed 33 stack frames]]>
    </failure>
  </testcase> <!-- test_minus -->
  <testcase classname="testsuite.Test_Cacultor" name="test_minus" time="0.001">
    <failure type="java.lang.AssertionError" message="expected [2] but found [1]">
      <![CDATA[java.lang.AssertionError: expected [2] but found [1]
at testsuite.Test_Cacultor.test_minus(Test_Cacultor.java:25)
at java.base/java.util.ArrayList.forEach(ArrayList.java:1540)
... Removed 33 stack frames]]>
    </failure>
  </testcase> <!-- test_minus -->
</testsuite> <!-- Test -->
