<?xml version="1.0" encoding="UTF-8"?>
<!-- Generated by org.testng.reporters.JUnitXMLReporter -->
<testsuite ignored="0" hostname="zhouwenqiudeMacBook-Pro.local" failures="4" tests="5" name="Test1" time="0.05" errors="0" timestamp="2021-10-13T15:16:41 EDT">
  <testcase classname="package_test_2.Test_Cry" name="testSingleString" time="0.004"/>
  <testcase classname="package_test_2.Test_Cry" name="test_cry1" time="0.003">
    <failure type="java.lang.AssertionError" message="expected [2] but found [1]">
      <![CDATA[java.lang.AssertionError: expected [2] but found [1]
at package_test_2.Test_Cry.test_cry1(Test_Cry.java:30)
at java.base/java.util.ArrayList.forEach(ArrayList.java:1540)
... Removed 32 stack frames]]>
    </failure>
  </testcase> <!-- test_cry1 -->
  <testcase classname="package_test_2.Test_Cry" name="test_cry1" time="0.001">
    <failure type="java.lang.AssertionError" message="expected [2] but found [1]">
      <![CDATA[java.lang.AssertionError: expected [2] but found [1]
at package_test_2.Test_Cry.test_cry1(Test_Cry.java:30)
at java.base/java.util.ArrayList.forEach(ArrayList.java:1540)
... Removed 32 stack frames]]>
    </failure>
  </testcase> <!-- test_cry1 -->
  <testcase classname="package_test_2.Test_Cry" name="test_cry2" time="0.002">
    <failure type="java.lang.AssertionError" message="加法 did not expect to find [3.0] but found [2.0]">
      <![CDATA[java.lang.AssertionError: 加法 did not expect to find [3.0] but found [2.0]
at package_test_2.Test_Cry.test_cry2(Test_Cry.java:35)
at java.base/java.util.ArrayList.forEach(ArrayList.java:1540)
... Removed 30 stack frames]]>
    </failure>
  </testcase> <!-- test_cry2 -->
  <testcase classname="package_test_2.Test_Cry" name="test_cry2" time="0.0">
    <failure type="java.lang.AssertionError" message="加法 did not expect to find [5.0] but found [4.0]">
      <![CDATA[java.lang.AssertionError: 加法 did not expect to find [5.0] but found [4.0]
at package_test_2.Test_Cry.test_cry2(Test_Cry.java:35)
at java.base/java.util.ArrayList.forEach(ArrayList.java:1540)
... Removed 30 stack frames]]>
    </failure>
  </testcase> <!-- test_cry2 -->
</testsuite> <!-- Test1 -->
