<!DOCTYPE html PUBLIC "-//W3C//DTD XHTML 1.1//EN" "http://www.w3.org/TR/xhtml11/DTD/xhtml11.dtd">
<html xmlns="http://www.w3.org/1999/xhtml">
<head>
<meta http-equiv="content-type" content="text/html; charset=UTF-8"/>
<title>TestNG Report</title>
<style type="text/css">table {margin-bottom:10px;border-collapse:collapse;empty-cells:show}th,td {border:1px solid #009;padding:.25em .5em}th {vertical-align:bottom}td {vertical-align:top}table a {font-weight:bold}.stripe td {background-color: #E6EBF9}.num {text-align:right}.passedodd td {background-color: #3F3}.passedeven td {background-color: #0A0}.skippedodd td {background-color: #DDD}.skippedeven td {background-color: #CCC}.failedodd td,.attn {background-color: #F33}.failedeven td,.stripe .attn {background-color: #D00}.stacktrace {white-space:pre;font-family:monospace}.totop {font-size:85%;text-align:center;border-bottom:2px solid #000}.invisible {display:none}</style>
</head>
<body>
<table>
<tr><th>Test</th><th># Passed</th><th># Skipped</th><th># Retried</th><th># Failed</th><th>Time (ms)</th><th>Included Groups</th><th>Excluded Groups</th></tr>
<tr><th colspan="7">ProgrammaticallyRunningSuite</th></tr>
<tr><td><a href="#t0">test1</a></td><td class="num">0</td><td class="num">0</td><td class="num">0</td><td class="num attn">9</td><td class="num">80</td><td></td><td></td></tr>
</table>
<table id='summary'><thead><tr><th>Class</th><th>Method</th><th>Start</th><th>Time (ms)</th></tr></thead><tbody><tr><th colspan="4">ProgrammaticallyRunningSuite</th></tr></tbody><tbody id="t0"><tr><th colspan="4">test1 &#8212; failed</th></tr><tr class="failedeven"><td rowspan="5">package_test_2.Test_Cry</td><td><a href="#m0">testSingleString</a></td><td rowspan="1">1635127192609</td><td rowspan="1">0</td></tr><tr class="failedeven"><td><a href="#m1">test_cry1</a></td><td rowspan="2">1635127192635</td><td rowspan="2">0</td></tr><tr class="failedeven"><td><a href="#m2">test_cry1</a></td></tr><tr class="failedeven"><td><a href="#m3">test_cry2</a></td><td rowspan="2">1635127192644</td><td rowspan="2">0</td></tr><tr class="failedeven"><td><a href="#m4">test_cry2</a></td></tr><tr class="failedodd"><td rowspan="4">testsuite.Test_Cacultor</td><td><a href="#m5">test_add</a></td><td rowspan="2">1635127192654</td><td rowspan="2">0</td></tr><tr class="failedodd"><td><a href="#m6">test_add</a></td></tr><tr class="failedodd"><td><a href="#m7">test_minus</a></td><td rowspan="2">1635127192664</td><td rowspan="2">0</td></tr><tr class="failedodd"><td><a href="#m8">test_minus</a></td></tr></tbody>
</table>
<h2>test1</h2><h3 id="m0">package_test_2.Test_Cry#testSingleString</h3><table class="result"><tr><th>Exception</th></tr><tr><td><div class="stacktrace">org.testng.TestNGException: 
Parameter &apos;first-name&apos; is required by @Test on method testSingleString but has not been marked @Optional or defined

	at java.base/java.util.ArrayList.forEach(ArrayList.java:1540)
	at utils.TestNgXmlUsingCode.testNgXmlSuite(TestNgXmlUsingCode.java:33)
	at TestEntrance.TestApp.main(TestApp.java:10)
... Removed 23 stack frames</div></td></tr></table><p class="totop"><a href="#summary">back to summary</a></p>
<h3 id="m1">package_test_2.Test_Cry#test_cry1</h3><table class="result"><tr class="param"><th>Parameter #1</th><th>Parameter #2</th><th>Parameter #3</th></tr><tr class="param stripe"><td>2</td><td>2</td><td>4</td></tr><tr><th colspan="3">Exception</th></tr><tr><td colspan="3"><div class="stacktrace">java.lang.AssertionError: expected [2] but found [1]
	at package_test_2.Test_Cry.test_cry1(Test_Cry.java:30)
	at java.base/java.util.ArrayList.forEach(ArrayList.java:1540)
	at utils.TestNgXmlUsingCode.testNgXmlSuite(TestNgXmlUsingCode.java:33)
	at TestEntrance.TestApp.main(TestApp.java:10)
... Removed 29 stack frames</div></td></tr></table><p class="totop"><a href="#summary">back to summary</a></p>
<h3 id="m2">package_test_2.Test_Cry#test_cry1</h3><table class="result"><tr class="param"><th>Parameter #1</th><th>Parameter #2</th><th>Parameter #3</th></tr><tr class="param stripe"><td>1</td><td>1</td><td>2</td></tr><tr><th colspan="3">Exception</th></tr><tr><td colspan="3"><div class="stacktrace">java.lang.AssertionError: expected [2] but found [1]
	at package_test_2.Test_Cry.test_cry1(Test_Cry.java:30)
	at java.base/java.util.ArrayList.forEach(ArrayList.java:1540)
	at utils.TestNgXmlUsingCode.testNgXmlSuite(TestNgXmlUsingCode.java:33)
	at TestEntrance.TestApp.main(TestApp.java:10)
... Removed 29 stack frames</div></td></tr></table><p class="totop"><a href="#summary">back to summary</a></p>
<h3 id="m3">package_test_2.Test_Cry#test_cry2</h3><table class="result"><tr class="param"><th>Parameter #1</th><th>Parameter #2</th><th>Parameter #3</th></tr><tr class="param stripe"><td>2</td><td>2</td><td>4</td></tr><tr><th colspan="3">Exception</th></tr><tr><td colspan="3"><div class="stacktrace">java.lang.AssertionError: 加法 did not expect to find [5.0] but found [4.0]
	at package_test_2.Test_Cry.test_cry2(Test_Cry.java:35)
	at java.base/java.util.ArrayList.forEach(ArrayList.java:1540)
	at utils.TestNgXmlUsingCode.testNgXmlSuite(TestNgXmlUsingCode.java:33)
	at TestEntrance.TestApp.main(TestApp.java:10)
... Removed 27 stack frames</div></td></tr></table><p class="totop"><a href="#summary">back to summary</a></p>
<h3 id="m4">package_test_2.Test_Cry#test_cry2</h3><table class="result"><tr class="param"><th>Parameter #1</th><th>Parameter #2</th><th>Parameter #3</th></tr><tr class="param stripe"><td>1</td><td>1</td><td>2</td></tr><tr><th colspan="3">Exception</th></tr><tr><td colspan="3"><div class="stacktrace">java.lang.AssertionError: 加法 did not expect to find [3.0] but found [2.0]
	at package_test_2.Test_Cry.test_cry2(Test_Cry.java:35)
	at java.base/java.util.ArrayList.forEach(ArrayList.java:1540)
	at utils.TestNgXmlUsingCode.testNgXmlSuite(TestNgXmlUsingCode.java:33)
	at TestEntrance.TestApp.main(TestApp.java:10)
... Removed 27 stack frames</div></td></tr></table><p class="totop"><a href="#summary">back to summary</a></p>
<h3 id="m5">testsuite.Test_Cacultor#test_add</h3><table class="result"><tr class="param"><th>Parameter #1</th><th>Parameter #2</th><th>Parameter #3</th></tr><tr class="param stripe"><td>2</td><td>2</td><td>4</td></tr><tr><th colspan="3">Exception</th></tr><tr><td colspan="3"><div class="stacktrace">java.lang.AssertionError: 加法 did not expect to find [5.0] but found [4.0]
	at testsuite.Test_Cacultor.test_add(Test_Cacultor.java:27)
	at java.base/java.util.ArrayList.forEach(ArrayList.java:1540)
	at utils.TestNgXmlUsingCode.testNgXmlSuite(TestNgXmlUsingCode.java:33)
	at TestEntrance.TestApp.main(TestApp.java:10)
... Removed 27 stack frames</div></td></tr></table><p class="totop"><a href="#summary">back to summary</a></p>
<h3 id="m6">testsuite.Test_Cacultor#test_add</h3><table class="result"><tr class="param"><th>Parameter #1</th><th>Parameter #2</th><th>Parameter #3</th></tr><tr class="param stripe"><td>1</td><td>1</td><td>2</td></tr><tr><th colspan="3">Exception</th></tr><tr><td colspan="3"><div class="stacktrace">java.lang.AssertionError: 加法 did not expect to find [3.0] but found [2.0]
	at testsuite.Test_Cacultor.test_add(Test_Cacultor.java:27)
	at java.base/java.util.ArrayList.forEach(ArrayList.java:1540)
	at utils.TestNgXmlUsingCode.testNgXmlSuite(TestNgXmlUsingCode.java:33)
	at TestEntrance.TestApp.main(TestApp.java:10)
... Removed 27 stack frames</div></td></tr></table><p class="totop"><a href="#summary">back to summary</a></p>
<h3 id="m7">testsuite.Test_Cacultor#test_minus</h3><table class="result"><tr class="param"><th>Parameter #1</th><th>Parameter #2</th><th>Parameter #3</th></tr><tr class="param stripe"><td>2</td><td>2</td><td>4</td></tr><tr><th colspan="3">Exception</th></tr><tr><td colspan="3"><div class="stacktrace">java.lang.AssertionError: expected [2] but found [1]
	at testsuite.Test_Cacultor.test_minus(Test_Cacultor.java:22)
	at java.base/java.util.ArrayList.forEach(ArrayList.java:1540)
	at utils.TestNgXmlUsingCode.testNgXmlSuite(TestNgXmlUsingCode.java:33)
	at TestEntrance.TestApp.main(TestApp.java:10)
... Removed 29 stack frames</div></td></tr></table><p class="totop"><a href="#summary">back to summary</a></p>
<h3 id="m8">testsuite.Test_Cacultor#test_minus</h3><table class="result"><tr class="param"><th>Parameter #1</th><th>Parameter #2</th><th>Parameter #3</th></tr><tr class="param stripe"><td>1</td><td>1</td><td>2</td></tr><tr><th colspan="3">Exception</th></tr><tr><td colspan="3"><div class="stacktrace">java.lang.AssertionError: expected [2] but found [1]
	at testsuite.Test_Cacultor.test_minus(Test_Cacultor.java:22)
	at java.base/java.util.ArrayList.forEach(ArrayList.java:1540)
	at utils.TestNgXmlUsingCode.testNgXmlSuite(TestNgXmlUsingCode.java:33)
	at TestEntrance.TestApp.main(TestApp.java:10)
... Removed 29 stack frames</div></td></tr></table><p class="totop"><a href="#summary">back to summary</a></p>
</body>
</html>
