<?xml version="1.0" encoding="UTF-8"?>
<!-- Generated by org.testng.reporters.JUnitXMLReporter -->
<testsuite ignored="0" hostname="zhouwenqiudeMacBook-Pro.local" failures="5" tests="5" name="TmpTest" time="0.047" errors="0" timestamp="2021-10-13T18:52:40 EDT">
  <testcase classname="com.test.Test_Cry" name="testSingleString" time="0.0">
    <failure type="org.testng.TestNGException" message="
Parameter &amp;apos;first-name&amp;apos; is required by @Test on method testSingleString but has not been marked @Optional or defined
">
      <![CDATA[org.testng.TestNGException: 
Parameter 'first-name' is required by @Test on method testSingleString but has not been marked @Optional or defined

at java.base/java.util.ArrayList.forEach(ArrayList.java:1540)
at RunTestNGProgrammatically.TestNgXmlUsingCode.main(TestNgXmlUsingCode.java:51)
... Removed 23 stack frames]]>
    </failure>
  </testcase> <!-- testSingleString -->
  <testcase classname="com.test.Test_Cry" name="test_cry1" time="0.003">
    <failure type="java.lang.AssertionError" message="expected [2] but found [1]">
      <![CDATA[java.lang.AssertionError: expected [2] but found [1]
at com.test.Test_Cry.test_cry1(Test_Cry.java:30)
at java.base/java.util.ArrayList.forEach(ArrayList.java:1540)
at RunTestNGProgrammatically.TestNgXmlUsingCode.main(TestNgXmlUsingCode.java:51)
... Removed 29 stack frames]]>
    </failure>
  </testcase> <!-- test_cry1 -->
  <testcase classname="com.test.Test_Cry" name="test_cry1" time="0.0">
    <failure type="java.lang.AssertionError" message="expected [2] but found [1]">
      <![CDATA[java.lang.AssertionError: expected [2] but found [1]
at com.test.Test_Cry.test_cry1(Test_Cry.java:30)
at java.base/java.util.ArrayList.forEach(ArrayList.java:1540)
at RunTestNGProgrammatically.TestNgXmlUsingCode.main(TestNgXmlUsingCode.java:51)
... Removed 29 stack frames]]>
    </failure>
  </testcase> <!-- test_cry1 -->
  <testcase classname="com.test.Test_Cry" name="test_cry2" time="0.003">
    <failure type="java.lang.AssertionError" message="加法 did not expect to find [3.0] but found [2.0]">
      <![CDATA[java.lang.AssertionError: 加法 did not expect to find [3.0] but found [2.0]
at com.test.Test_Cry.test_cry2(Test_Cry.java:35)
at java.base/java.util.ArrayList.forEach(ArrayList.java:1540)
at RunTestNGProgrammatically.TestNgXmlUsingCode.main(TestNgXmlUsingCode.java:51)
... Removed 27 stack frames]]>
    </failure>
  </testcase> <!-- test_cry2 -->
  <testcase classname="com.test.Test_Cry" name="test_cry2" time="0.0">
    <failure type="java.lang.AssertionError" message="加法 did not expect to find [5.0] but found [4.0]">
      <![CDATA[java.lang.AssertionError: 加法 did not expect to find [5.0] but found [4.0]
at com.test.Test_Cry.test_cry2(Test_Cry.java:35)
at java.base/java.util.ArrayList.forEach(ArrayList.java:1540)
at RunTestNGProgrammatically.TestNgXmlUsingCode.main(TestNgXmlUsingCode.java:51)
... Removed 27 stack frames]]>
    </failure>
  </testcase> <!-- test_cry2 -->
</testsuite> <!-- TmpTest -->
